{"message":"Listening on port 3000 with env: development","level":"info"}
{"message":"Connected to MongoDB...","level":"info"}
{"message":"Listening on port 3000 with env: development","level":"info"}
{"message":"Connected to MongoDB...","level":"info"}
{"message":"Listening on port 3000 with env: development","level":"info"}
{"message":"Connected to MongoDB...","level":"info"}
{"message":"Listening on port 3000 with env: development","level":"info"}
{"message":"Connected to MongoDB...","level":"info"}
{"message":"Listening on port 3000 with env: development","level":"info"}
{"message":"Connected to MongoDB...","level":"info"}
{"message":"Listening on port 3000 with env: development","level":"info"}
{"message":"Connected to MongoDB...","level":"info"}
{"message":"Listening on port 3000 with env: development","level":"info"}
{"message":"Connected to MongoDB...","level":"info"}
{"message":"Listening on port 3000 with env: development","level":"info"}
{"message":"Connected to MongoDB...","level":"info"}
{"message":"Listening on port 3000 with env: development","level":"info"}
{"message":"Connected to MongoDB...","level":"error"}
{"message":"Listening on port 3000 with env: development","level":"info"}
{"message":"Connected to MongoDB...","level":"info"}
{"message":"Listening on port 3000 with env: development","level":"info"}
{"message":"Connected to MongoDB...","level":"info"}
{"message":"Listening on port 3000 with env: development","level":"info"}
{"message":"Connected to MongoDB...","level":"info"}
{"level":"error","message":"res is not definedres is not defined","stack":"ReferenceError: res is not defined\n    at module.exports (/Users/m.wojcik/ws-learning/node/orliker/middleware/auth.js:13:7)\n    at Layer.handle [as handle_request] (/Users/m.wojcik/ws-learning/node/orliker/node_modules/express/lib/router/layer.js:95:5)\n    at next (/Users/m.wojcik/ws-learning/node/orliker/node_modules/express/lib/router/route.js:137:13)\n    at Route.dispatch (/Users/m.wojcik/ws-learning/node/orliker/node_modules/express/lib/router/route.js:112:3)\n    at Layer.handle [as handle_request] (/Users/m.wojcik/ws-learning/node/orliker/node_modules/express/lib/router/layer.js:95:5)\n    at /Users/m.wojcik/ws-learning/node/orliker/node_modules/express/lib/router/index.js:281:22\n    at Function.process_params (/Users/m.wojcik/ws-learning/node/orliker/node_modules/express/lib/router/index.js:335:12)\n    at next (/Users/m.wojcik/ws-learning/node/orliker/node_modules/express/lib/router/index.js:275:10)\n    at Function.handle (/Users/m.wojcik/ws-learning/node/orliker/node_modules/express/lib/router/index.js:174:3)\n    at router (/Users/m.wojcik/ws-learning/node/orliker/node_modules/express/lib/router/index.js:47:12)\n    at Layer.handle [as handle_request] (/Users/m.wojcik/ws-learning/node/orliker/node_modules/express/lib/router/layer.js:95:5)\n    at trim_prefix (/Users/m.wojcik/ws-learning/node/orliker/node_modules/express/lib/router/index.js:317:13)\n    at /Users/m.wojcik/ws-learning/node/orliker/node_modules/express/lib/router/index.js:284:7\n    at Function.process_params (/Users/m.wojcik/ws-learning/node/orliker/node_modules/express/lib/router/index.js:335:12)\n    at next (/Users/m.wojcik/ws-learning/node/orliker/node_modules/express/lib/router/index.js:275:10)\n    at logger (/Users/m.wojcik/ws-learning/node/orliker/node_modules/morgan/index.js:144:5)"}
{"message":"Listening on port 3000 with env: development","level":"info"}
{"message":"Connected to MongoDB...","level":"info"}
{"message":"Listening on port 3000 with env: development","level":"info"}
{"message":"Connected to MongoDB...","level":"info"}
{"message":"Listening on port 3000 with env: development","level":"info"}
{"message":"Connected to MongoDB...","level":"info"}
{"message":"Listening on port 3000 with env: development","level":"info"}
{"message":"Connected to MongoDB...","level":"info"}
{"level":"error","message":"res is not definedres is not defined","stack":"ReferenceError: res is not defined\n    at module.exports (/Users/m.wojcik/ws-learning/node/orliker/middleware/auth.js:13:7)\n    at Layer.handle [as handle_request] (/Users/m.wojcik/ws-learning/node/orliker/node_modules/express/lib/router/layer.js:95:5)\n    at next (/Users/m.wojcik/ws-learning/node/orliker/node_modules/express/lib/router/route.js:137:13)\n    at Route.dispatch (/Users/m.wojcik/ws-learning/node/orliker/node_modules/express/lib/router/route.js:112:3)\n    at Layer.handle [as handle_request] (/Users/m.wojcik/ws-learning/node/orliker/node_modules/express/lib/router/layer.js:95:5)\n    at /Users/m.wojcik/ws-learning/node/orliker/node_modules/express/lib/router/index.js:281:22\n    at Function.process_params (/Users/m.wojcik/ws-learning/node/orliker/node_modules/express/lib/router/index.js:335:12)\n    at next (/Users/m.wojcik/ws-learning/node/orliker/node_modules/express/lib/router/index.js:275:10)\n    at Function.handle (/Users/m.wojcik/ws-learning/node/orliker/node_modules/express/lib/router/index.js:174:3)\n    at router (/Users/m.wojcik/ws-learning/node/orliker/node_modules/express/lib/router/index.js:47:12)\n    at Layer.handle [as handle_request] (/Users/m.wojcik/ws-learning/node/orliker/node_modules/express/lib/router/layer.js:95:5)\n    at trim_prefix (/Users/m.wojcik/ws-learning/node/orliker/node_modules/express/lib/router/index.js:317:13)\n    at /Users/m.wojcik/ws-learning/node/orliker/node_modules/express/lib/router/index.js:284:7\n    at Function.process_params (/Users/m.wojcik/ws-learning/node/orliker/node_modules/express/lib/router/index.js:335:12)\n    at next (/Users/m.wojcik/ws-learning/node/orliker/node_modules/express/lib/router/index.js:275:10)\n    at logger (/Users/m.wojcik/ws-learning/node/orliker/node_modules/morgan/index.js:144:5)"}
{"level":"error","message":"res is not definedres is not defined","stack":"ReferenceError: res is not defined\n    at module.exports (/Users/m.wojcik/ws-learning/node/orliker/middleware/auth.js:13:7)\n    at Layer.handle [as handle_request] (/Users/m.wojcik/ws-learning/node/orliker/node_modules/express/lib/router/layer.js:95:5)\n    at next (/Users/m.wojcik/ws-learning/node/orliker/node_modules/express/lib/router/route.js:137:13)\n    at Route.dispatch (/Users/m.wojcik/ws-learning/node/orliker/node_modules/express/lib/router/route.js:112:3)\n    at Layer.handle [as handle_request] (/Users/m.wojcik/ws-learning/node/orliker/node_modules/express/lib/router/layer.js:95:5)\n    at /Users/m.wojcik/ws-learning/node/orliker/node_modules/express/lib/router/index.js:281:22\n    at Function.process_params (/Users/m.wojcik/ws-learning/node/orliker/node_modules/express/lib/router/index.js:335:12)\n    at next (/Users/m.wojcik/ws-learning/node/orliker/node_modules/express/lib/router/index.js:275:10)\n    at Function.handle (/Users/m.wojcik/ws-learning/node/orliker/node_modules/express/lib/router/index.js:174:3)\n    at router (/Users/m.wojcik/ws-learning/node/orliker/node_modules/express/lib/router/index.js:47:12)\n    at Layer.handle [as handle_request] (/Users/m.wojcik/ws-learning/node/orliker/node_modules/express/lib/router/layer.js:95:5)\n    at trim_prefix (/Users/m.wojcik/ws-learning/node/orliker/node_modules/express/lib/router/index.js:317:13)\n    at /Users/m.wojcik/ws-learning/node/orliker/node_modules/express/lib/router/index.js:284:7\n    at Function.process_params (/Users/m.wojcik/ws-learning/node/orliker/node_modules/express/lib/router/index.js:335:12)\n    at next (/Users/m.wojcik/ws-learning/node/orliker/node_modules/express/lib/router/index.js:275:10)\n    at logger (/Users/m.wojcik/ws-learning/node/orliker/node_modules/morgan/index.js:144:5)"}
{"message":"Listening on port 3000 with env: development","level":"info"}
{"message":"Connected to MongoDB...","level":"info"}
{"message":"Listening on port 3000 with env: development","level":"info"}
{"message":"Connected to MongoDB...","level":"info"}
{"message":"Listening on port 3000 with env: development","level":"info"}
{"message":"Connected to MongoDB...","level":"info"}
{"level":"error","message":"res is not definedres is not defined","stack":"ReferenceError: res is not defined\n    at module.exports (/Users/m.wojcik/ws-learning/node/orliker/middleware/auth.js:13:7)\n    at Layer.handle [as handle_request] (/Users/m.wojcik/ws-learning/node/orliker/node_modules/express/lib/router/layer.js:95:5)\n    at next (/Users/m.wojcik/ws-learning/node/orliker/node_modules/express/lib/router/route.js:137:13)\n    at Route.dispatch (/Users/m.wojcik/ws-learning/node/orliker/node_modules/express/lib/router/route.js:112:3)\n    at Layer.handle [as handle_request] (/Users/m.wojcik/ws-learning/node/orliker/node_modules/express/lib/router/layer.js:95:5)\n    at /Users/m.wojcik/ws-learning/node/orliker/node_modules/express/lib/router/index.js:281:22\n    at Function.process_params (/Users/m.wojcik/ws-learning/node/orliker/node_modules/express/lib/router/index.js:335:12)\n    at next (/Users/m.wojcik/ws-learning/node/orliker/node_modules/express/lib/router/index.js:275:10)\n    at Function.handle (/Users/m.wojcik/ws-learning/node/orliker/node_modules/express/lib/router/index.js:174:3)\n    at router (/Users/m.wojcik/ws-learning/node/orliker/node_modules/express/lib/router/index.js:47:12)\n    at Layer.handle [as handle_request] (/Users/m.wojcik/ws-learning/node/orliker/node_modules/express/lib/router/layer.js:95:5)\n    at trim_prefix (/Users/m.wojcik/ws-learning/node/orliker/node_modules/express/lib/router/index.js:317:13)\n    at /Users/m.wojcik/ws-learning/node/orliker/node_modules/express/lib/router/index.js:284:7\n    at Function.process_params (/Users/m.wojcik/ws-learning/node/orliker/node_modules/express/lib/router/index.js:335:12)\n    at next (/Users/m.wojcik/ws-learning/node/orliker/node_modules/express/lib/router/index.js:275:10)\n    at logger (/Users/m.wojcik/ws-learning/node/orliker/node_modules/morgan/index.js:144:5)"}
{"message":"Listening on port 3000 with env: development","level":"info"}
{"message":"Connected to MongoDB...","level":"info"}
{"message":"Listening on port 3000 with env: development","level":"info"}
{"message":"Connected to MongoDB...","level":"info"}
{"message":"Listening on port 3000 with env: development","level":"info"}
{"message":"Connected to MongoDB...","level":"info"}
{"level":"error","message":"res is not definedres is not defined","stack":"ReferenceError: res is not defined\n    at module.exports (/Users/m.wojcik/ws-learning/node/orliker/middleware/auth.js:13:7)\n    at Layer.handle [as handle_request] (/Users/m.wojcik/ws-learning/node/orliker/node_modules/express/lib/router/layer.js:95:5)\n    at next (/Users/m.wojcik/ws-learning/node/orliker/node_modules/express/lib/router/route.js:137:13)\n    at Route.dispatch (/Users/m.wojcik/ws-learning/node/orliker/node_modules/express/lib/router/route.js:112:3)\n    at Layer.handle [as handle_request] (/Users/m.wojcik/ws-learning/node/orliker/node_modules/express/lib/router/layer.js:95:5)\n    at /Users/m.wojcik/ws-learning/node/orliker/node_modules/express/lib/router/index.js:281:22\n    at Function.process_params (/Users/m.wojcik/ws-learning/node/orliker/node_modules/express/lib/router/index.js:335:12)\n    at next (/Users/m.wojcik/ws-learning/node/orliker/node_modules/express/lib/router/index.js:275:10)\n    at Function.handle (/Users/m.wojcik/ws-learning/node/orliker/node_modules/express/lib/router/index.js:174:3)\n    at router (/Users/m.wojcik/ws-learning/node/orliker/node_modules/express/lib/router/index.js:47:12)\n    at Layer.handle [as handle_request] (/Users/m.wojcik/ws-learning/node/orliker/node_modules/express/lib/router/layer.js:95:5)\n    at trim_prefix (/Users/m.wojcik/ws-learning/node/orliker/node_modules/express/lib/router/index.js:317:13)\n    at /Users/m.wojcik/ws-learning/node/orliker/node_modules/express/lib/router/index.js:284:7\n    at Function.process_params (/Users/m.wojcik/ws-learning/node/orliker/node_modules/express/lib/router/index.js:335:12)\n    at next (/Users/m.wojcik/ws-learning/node/orliker/node_modules/express/lib/router/index.js:275:10)\n    at logger (/Users/m.wojcik/ws-learning/node/orliker/node_modules/morgan/index.js:144:5)"}
{"message":"Listening on port 3000 with env: development","level":"info"}
{"message":"Connected to MongoDB...","level":"info"}
{"level":"error","message":"res is not definedres is not defined","stack":"ReferenceError: res is not defined\n    at module.exports (/Users/m.wojcik/ws-learning/node/orliker/middleware/auth.js:13:7)\n    at Layer.handle [as handle_request] (/Users/m.wojcik/ws-learning/node/orliker/node_modules/express/lib/router/layer.js:95:5)\n    at next (/Users/m.wojcik/ws-learning/node/orliker/node_modules/express/lib/router/route.js:137:13)\n    at Route.dispatch (/Users/m.wojcik/ws-learning/node/orliker/node_modules/express/lib/router/route.js:112:3)\n    at Layer.handle [as handle_request] (/Users/m.wojcik/ws-learning/node/orliker/node_modules/express/lib/router/layer.js:95:5)\n    at /Users/m.wojcik/ws-learning/node/orliker/node_modules/express/lib/router/index.js:281:22\n    at Function.process_params (/Users/m.wojcik/ws-learning/node/orliker/node_modules/express/lib/router/index.js:335:12)\n    at next (/Users/m.wojcik/ws-learning/node/orliker/node_modules/express/lib/router/index.js:275:10)\n    at Function.handle (/Users/m.wojcik/ws-learning/node/orliker/node_modules/express/lib/router/index.js:174:3)\n    at router (/Users/m.wojcik/ws-learning/node/orliker/node_modules/express/lib/router/index.js:47:12)\n    at Layer.handle [as handle_request] (/Users/m.wojcik/ws-learning/node/orliker/node_modules/express/lib/router/layer.js:95:5)\n    at trim_prefix (/Users/m.wojcik/ws-learning/node/orliker/node_modules/express/lib/router/index.js:317:13)\n    at /Users/m.wojcik/ws-learning/node/orliker/node_modules/express/lib/router/index.js:284:7\n    at Function.process_params (/Users/m.wojcik/ws-learning/node/orliker/node_modules/express/lib/router/index.js:335:12)\n    at next (/Users/m.wojcik/ws-learning/node/orliker/node_modules/express/lib/router/index.js:275:10)\n    at logger (/Users/m.wojcik/ws-learning/node/orliker/node_modules/morgan/index.js:144:5)"}
{"message":"Listening on port 3000 with env: development","level":"info"}
{"message":"Connected to MongoDB...","level":"info"}
{"message":"Listening on port 3000 with env: development","level":"info"}
{"message":"Connected to MongoDB...","level":"info"}
{"message":"Listening on port 3000 with env: development","level":"info"}
{"message":"Connected to MongoDB...","level":"info"}
{"message":"Listening on port 3000 with env: development","level":"info"}
{"message":"Connected to MongoDB...","level":"info"}
{"message":"Listening on port 3000 with env: development","level":"info"}
{"message":"Connected to MongoDB...","level":"info"}
{"level":"error","message":"res is not definedres is not defined","stack":"ReferenceError: res is not defined\n    at module.exports (/Users/m.wojcik/ws-learning/node/orliker/middleware/auth.js:13:7)\n    at Layer.handle [as handle_request] (/Users/m.wojcik/ws-learning/node/orliker/node_modules/express/lib/router/layer.js:95:5)\n    at next (/Users/m.wojcik/ws-learning/node/orliker/node_modules/express/lib/router/route.js:137:13)\n    at Route.dispatch (/Users/m.wojcik/ws-learning/node/orliker/node_modules/express/lib/router/route.js:112:3)\n    at Layer.handle [as handle_request] (/Users/m.wojcik/ws-learning/node/orliker/node_modules/express/lib/router/layer.js:95:5)\n    at /Users/m.wojcik/ws-learning/node/orliker/node_modules/express/lib/router/index.js:281:22\n    at Function.process_params (/Users/m.wojcik/ws-learning/node/orliker/node_modules/express/lib/router/index.js:335:12)\n    at next (/Users/m.wojcik/ws-learning/node/orliker/node_modules/express/lib/router/index.js:275:10)\n    at Function.handle (/Users/m.wojcik/ws-learning/node/orliker/node_modules/express/lib/router/index.js:174:3)\n    at router (/Users/m.wojcik/ws-learning/node/orliker/node_modules/express/lib/router/index.js:47:12)\n    at Layer.handle [as handle_request] (/Users/m.wojcik/ws-learning/node/orliker/node_modules/express/lib/router/layer.js:95:5)\n    at trim_prefix (/Users/m.wojcik/ws-learning/node/orliker/node_modules/express/lib/router/index.js:317:13)\n    at /Users/m.wojcik/ws-learning/node/orliker/node_modules/express/lib/router/index.js:284:7\n    at Function.process_params (/Users/m.wojcik/ws-learning/node/orliker/node_modules/express/lib/router/index.js:335:12)\n    at next (/Users/m.wojcik/ws-learning/node/orliker/node_modules/express/lib/router/index.js:275:10)\n    at logger (/Users/m.wojcik/ws-learning/node/orliker/node_modules/morgan/index.js:144:5)"}
{"message":"Listening on port 3000 with env: development","level":"info"}
{"message":"Connected to MongoDB...","level":"info"}
{"message":"Listening on port 3000 with env: development","level":"info"}
{"message":"Connected to MongoDB...","level":"info"}
{"message":"Listening on port 3000 with env: development","level":"info"}
{"message":"Connected to MongoDB...","level":"info"}
{"level":"error","message":"Noz ja cie pierdoleNoz ja cie pierdole","stack":"Error: Noz ja cie pierdole\n    at router.get.asyncMiddleware (/Users/m.wojcik/ws-learning/node/orliker/routes/users.js:22:9)\n    at process._tickCallback (internal/process/next_tick.js:68:7)"}
{"level":"error","message":"Noz ja cie pierdoleNoz ja cie pierdole","stack":"Error: Noz ja cie pierdole\n    at router.get.asyncMiddleware (/Users/m.wojcik/ws-learning/node/orliker/routes/users.js:22:9)\n    at process._tickCallback (internal/process/next_tick.js:68:7)"}
{"message":"Listening on port 3000 with env: development","level":"info"}
{"message":"Connected to MongoDB...","level":"info"}
{"message":"Listening on port 3000 with env: development","level":"info"}
{"message":"Connected to MongoDB...","level":"info"}
{"level":"error","message":"Noz ja cie pierdoleNoz ja cie pierdole","stack":"Error: Noz ja cie pierdole\n    at router.post (/Users/m.wojcik/ws-learning/node/orliker/routes/users.js:26:9)\n    at Layer.handle [as handle_request] (/Users/m.wojcik/ws-learning/node/orliker/node_modules/express/lib/router/layer.js:95:5)\n    at next (/Users/m.wojcik/ws-learning/node/orliker/node_modules/express/lib/router/route.js:137:13)\n    at Route.dispatch (/Users/m.wojcik/ws-learning/node/orliker/node_modules/express/lib/router/route.js:112:3)\n    at Layer.handle [as handle_request] (/Users/m.wojcik/ws-learning/node/orliker/node_modules/express/lib/router/layer.js:95:5)\n    at /Users/m.wojcik/ws-learning/node/orliker/node_modules/express/lib/router/index.js:281:22\n    at Function.process_params (/Users/m.wojcik/ws-learning/node/orliker/node_modules/express/lib/router/index.js:335:12)\n    at next (/Users/m.wojcik/ws-learning/node/orliker/node_modules/express/lib/router/index.js:275:10)\n    at Function.handle (/Users/m.wojcik/ws-learning/node/orliker/node_modules/express/lib/router/index.js:174:3)\n    at router (/Users/m.wojcik/ws-learning/node/orliker/node_modules/express/lib/router/index.js:47:12)\n    at Layer.handle [as handle_request] (/Users/m.wojcik/ws-learning/node/orliker/node_modules/express/lib/router/layer.js:95:5)\n    at trim_prefix (/Users/m.wojcik/ws-learning/node/orliker/node_modules/express/lib/router/index.js:317:13)\n    at /Users/m.wojcik/ws-learning/node/orliker/node_modules/express/lib/router/index.js:284:7\n    at Function.process_params (/Users/m.wojcik/ws-learning/node/orliker/node_modules/express/lib/router/index.js:335:12)\n    at next (/Users/m.wojcik/ws-learning/node/orliker/node_modules/express/lib/router/index.js:275:10)\n    at logger (/Users/m.wojcik/ws-learning/node/orliker/node_modules/morgan/index.js:144:5)"}
{"message":"Listening on port 3000 with env: development","level":"info"}
{"message":"Connected to MongoDB...","level":"info"}
{"message":"Listening on port 3000 with env: development","level":"info"}
{"message":"Connected to MongoDB...","level":"info"}
{"message":"Listening on port 3000 with env: development","level":"info"}
{"message":"Connected to MongoDB...","level":"info"}
{"message":"Listening on port 3000 with env: development","level":"info"}
{"message":"Connected to MongoDB...","level":"info"}
{"message":"Listening on port 3000 with env: development","level":"info"}
{"message":"Connected to MongoDB...","level":"info"}
{"message":"Listening on port 3000 with env: development","level":"info"}
{"message":"Connected to MongoDB...","level":"info"}
{"level":"error","message":"nie wierz w nicnie wierz w nic","stack":"Error: nie wierz w nic\n    at router.get (/Users/m.wojcik/ws-learning/node/orliker/routes/fields.js:10:11)\n    at Layer.handle [as handle_request] (/Users/m.wojcik/ws-learning/node/orliker/node_modules/express/lib/router/layer.js:95:5)\n    at next (/Users/m.wojcik/ws-learning/node/orliker/node_modules/express/lib/router/route.js:137:13)\n    at Route.dispatch (/Users/m.wojcik/ws-learning/node/orliker/node_modules/express/lib/router/route.js:112:3)\n    at Layer.handle [as handle_request] (/Users/m.wojcik/ws-learning/node/orliker/node_modules/express/lib/router/layer.js:95:5)\n    at /Users/m.wojcik/ws-learning/node/orliker/node_modules/express/lib/router/index.js:281:22\n    at Function.process_params (/Users/m.wojcik/ws-learning/node/orliker/node_modules/express/lib/router/index.js:335:12)\n    at next (/Users/m.wojcik/ws-learning/node/orliker/node_modules/express/lib/router/index.js:275:10)\n    at Function.handle (/Users/m.wojcik/ws-learning/node/orliker/node_modules/express/lib/router/index.js:174:3)\n    at router (/Users/m.wojcik/ws-learning/node/orliker/node_modules/express/lib/router/index.js:47:12)\n    at Layer.handle [as handle_request] (/Users/m.wojcik/ws-learning/node/orliker/node_modules/express/lib/router/layer.js:95:5)\n    at trim_prefix (/Users/m.wojcik/ws-learning/node/orliker/node_modules/express/lib/router/index.js:317:13)\n    at /Users/m.wojcik/ws-learning/node/orliker/node_modules/express/lib/router/index.js:284:7\n    at Function.process_params (/Users/m.wojcik/ws-learning/node/orliker/node_modules/express/lib/router/index.js:335:12)\n    at next (/Users/m.wojcik/ws-learning/node/orliker/node_modules/express/lib/router/index.js:275:10)\n    at logger (/Users/m.wojcik/ws-learning/node/orliker/node_modules/morgan/index.js:144:5)"}
{"message":"Listening on port 3000 with env: development","level":"info"}
{"message":"Connected to MongoDB...","level":"info"}
{"message":"Listening on port 3000 with env: development","level":"info"}
{"message":"Connected to MongoDB...","level":"info"}
{"message":"Listening on port 3000 with env: development","level":"info"}
{"message":"Connected to MongoDB...","level":"info"}
{"message":"Listening on port 3000 with env: development","level":"info"}
{"message":"Connected to MongoDB...","level":"info"}
{"message":"Listening on port 3000 with env: development","level":"info"}
{"message":"Connected to MongoDB...","level":"info"}
{"message":"Listening on port 3000 with env: development","level":"info"}
{"message":"Connected to MongoDB...","level":"info"}
{"message":"Listening on port 3000 with env: development","level":"info"}
{"message":"Connected to MongoDB...","level":"info"}
{"message":"Listening on port 3000 with env: development","level":"info"}
{"message":"Connected to MongoDB...","level":"info"}
{"message":"Listening on port 3000 with env: development","level":"info"}
{"message":"Connected to MongoDB...","level":"info"}
{"message":"Listening on port 3000 with env: development","level":"info"}
{"message":"Connected to MongoDB...","level":"info"}
{"message":"Listening on port 3000 with env: development","level":"info"}
{"message":"Connected to MongoDB...","level":"info"}
{"message":"Listening on port 3000 with env: development","level":"info"}
{"message":"Connected to MongoDB...","level":"info"}
{"message":"Listening on port 3000 with env: development","level":"info"}
{"message":"Connected to MongoDB...","level":"info"}
{"message":"Listening on port 3000 with env: development","level":"info"}
{"message":"Connected to MongoDB...","level":"info"}
{"message":"Listening on port 3000 with env: development","level":"info"}
{"message":"Connected to MongoDB...","level":"info"}
{"message":"Listening on port 3000 with env: development","level":"info"}
{"message":"Connected to MongoDB...","level":"info"}
{"message":"Listening on port 3000 with env: development","level":"info"}
{"message":"Connected to MongoDB...","level":"info"}
{"message":"Listening on port 3000 with env: development","level":"info"}
{"message":"Connected to MongoDB...","level":"info"}
{"message":"Listening on port 3000 with env: development","level":"info"}
{"message":"Connected to MongoDB...","level":"info"}
{"message":"Listening on port 3000 with env: development","level":"info"}
{"message":"Connected to MongoDB...","level":"info"}
{"message":"Listening on port 3000 with env: development","level":"info"}
{"message":"Connected to MongoDB...","level":"info"}
{"message":"Listening on port 3000 with env: development","level":"info"}
{"message":"Connected to MongoDB...","level":"info"}
{"message":"Listening on port 3000 with env: development","level":"info"}
{"message":"Connected to MongoDB...","level":"info"}
{"message":"Listening on port 3000 with env: development","level":"info"}
{"message":"Connected to MongoDB...","level":"info"}
{"expose":true,"statusCode":400,"status":400,"body":"{\n  nickname: \"bubeczka\",\n  respect: 999,\n  premium: true,\n  userId: \"\",\n}","type":"entity.parse.failed","level":"error","message":"Unexpected token n in JSON at position 4Unexpected token n in JSON at position 4","stack":"SyntaxError: Unexpected token n in JSON at position 4\n    at JSON.parse (<anonymous>)\n    at parse (/Users/m.wojcik/ws-learning/node/orliker/node_modules/body-parser/lib/types/json.js:89:19)\n    at /Users/m.wojcik/ws-learning/node/orliker/node_modules/body-parser/lib/read.js:121:18\n    at invokeCallback (/Users/m.wojcik/ws-learning/node/orliker/node_modules/raw-body/index.js:224:16)\n    at done (/Users/m.wojcik/ws-learning/node/orliker/node_modules/raw-body/index.js:213:7)\n    at IncomingMessage.onEnd (/Users/m.wojcik/ws-learning/node/orliker/node_modules/raw-body/index.js:273:7)\n    at IncomingMessage.emit (events.js:182:13)\n    at endReadableNT (_stream_readable.js:1094:12)\n    at process._tickCallback (internal/process/next_tick.js:63:19)"}
{"message":"Listening on port 3000 with env: development","level":"info"}
{"message":"Connected to MongoDB...","level":"info"}
{"expose":true,"statusCode":400,"status":400,"body":"{\n  nickname: \"bubeczka\",\n  respect: 999,\n  premium: true,\n  userId: \"\",\n}","type":"entity.parse.failed","level":"error","message":"Unexpected token n in JSON at position 4Unexpected token n in JSON at position 4","stack":"SyntaxError: Unexpected token n in JSON at position 4\n    at JSON.parse (<anonymous>)\n    at parse (/Users/m.wojcik/ws-learning/node/orliker/node_modules/body-parser/lib/types/json.js:89:19)\n    at /Users/m.wojcik/ws-learning/node/orliker/node_modules/body-parser/lib/read.js:121:18\n    at invokeCallback (/Users/m.wojcik/ws-learning/node/orliker/node_modules/raw-body/index.js:224:16)\n    at done (/Users/m.wojcik/ws-learning/node/orliker/node_modules/raw-body/index.js:213:7)\n    at IncomingMessage.onEnd (/Users/m.wojcik/ws-learning/node/orliker/node_modules/raw-body/index.js:273:7)\n    at IncomingMessage.emit (events.js:182:13)\n    at endReadableNT (_stream_readable.js:1094:12)\n    at process._tickCallback (internal/process/next_tick.js:63:19)"}
{"expose":true,"statusCode":400,"status":400,"body":"{\n  nickname: \"bubeczka\",\n  respect: 999,\n  premium: true,\n  userId: \"\",\n}","type":"entity.parse.failed","level":"error","message":"Unexpected token n in JSON at position 4Unexpected token n in JSON at position 4","stack":"SyntaxError: Unexpected token n in JSON at position 4\n    at JSON.parse (<anonymous>)\n    at parse (/Users/m.wojcik/ws-learning/node/orliker/node_modules/body-parser/lib/types/json.js:89:19)\n    at /Users/m.wojcik/ws-learning/node/orliker/node_modules/body-parser/lib/read.js:121:18\n    at invokeCallback (/Users/m.wojcik/ws-learning/node/orliker/node_modules/raw-body/index.js:224:16)\n    at done (/Users/m.wojcik/ws-learning/node/orliker/node_modules/raw-body/index.js:213:7)\n    at IncomingMessage.onEnd (/Users/m.wojcik/ws-learning/node/orliker/node_modules/raw-body/index.js:273:7)\n    at IncomingMessage.emit (events.js:182:13)\n    at endReadableNT (_stream_readable.js:1094:12)\n    at process._tickCallback (internal/process/next_tick.js:63:19)"}
{"expose":true,"statusCode":400,"status":400,"body":"{\n  nickname: \"bubeczka\",\n  respect: 999,\n  premium: true,\n  userId: \"\",\n}","type":"entity.parse.failed","level":"error","message":"Unexpected token n in JSON at position 4Unexpected token n in JSON at position 4","stack":"SyntaxError: Unexpected token n in JSON at position 4\n    at JSON.parse (<anonymous>)\n    at parse (/Users/m.wojcik/ws-learning/node/orliker/node_modules/body-parser/lib/types/json.js:89:19)\n    at /Users/m.wojcik/ws-learning/node/orliker/node_modules/body-parser/lib/read.js:121:18\n    at invokeCallback (/Users/m.wojcik/ws-learning/node/orliker/node_modules/raw-body/index.js:224:16)\n    at done (/Users/m.wojcik/ws-learning/node/orliker/node_modules/raw-body/index.js:213:7)\n    at IncomingMessage.onEnd (/Users/m.wojcik/ws-learning/node/orliker/node_modules/raw-body/index.js:273:7)\n    at IncomingMessage.emit (events.js:182:13)\n    at endReadableNT (_stream_readable.js:1094:12)\n    at process._tickCallback (internal/process/next_tick.js:63:19)"}
{"level":"error","message":"User is not definedUser is not defined","stack":"ReferenceError: User is not defined\n    at router.post.asyncMiddleware (/Users/m.wojcik/ws-learning/node/orliker/routes/players.js:20:18)\n    at /Users/m.wojcik/ws-learning/node/orliker/middleware/async.js:4:13\n    at Layer.handle [as handle_request] (/Users/m.wojcik/ws-learning/node/orliker/node_modules/express/lib/router/layer.js:95:5)\n    at next (/Users/m.wojcik/ws-learning/node/orliker/node_modules/express/lib/router/route.js:137:13)\n    at module.exports (/Users/m.wojcik/ws-learning/node/orliker/middleware/auth.js:11:5)\n    at Layer.handle [as handle_request] (/Users/m.wojcik/ws-learning/node/orliker/node_modules/express/lib/router/layer.js:95:5)\n    at next (/Users/m.wojcik/ws-learning/node/orliker/node_modules/express/lib/router/route.js:137:13)\n    at Route.dispatch (/Users/m.wojcik/ws-learning/node/orliker/node_modules/express/lib/router/route.js:112:3)\n    at Layer.handle [as handle_request] (/Users/m.wojcik/ws-learning/node/orliker/node_modules/express/lib/router/layer.js:95:5)\n    at /Users/m.wojcik/ws-learning/node/orliker/node_modules/express/lib/router/index.js:281:22\n    at Function.process_params (/Users/m.wojcik/ws-learning/node/orliker/node_modules/express/lib/router/index.js:335:12)\n    at next (/Users/m.wojcik/ws-learning/node/orliker/node_modules/express/lib/router/index.js:275:10)\n    at Function.handle (/Users/m.wojcik/ws-learning/node/orliker/node_modules/express/lib/router/index.js:174:3)\n    at router (/Users/m.wojcik/ws-learning/node/orliker/node_modules/express/lib/router/index.js:47:12)\n    at Layer.handle [as handle_request] (/Users/m.wojcik/ws-learning/node/orliker/node_modules/express/lib/router/layer.js:95:5)\n    at trim_prefix (/Users/m.wojcik/ws-learning/node/orliker/node_modules/express/lib/router/index.js:317:13)"}
{"level":"error","message":"User is not definedUser is not defined","stack":"ReferenceError: User is not defined\n    at router.post.asyncMiddleware (/Users/m.wojcik/ws-learning/node/orliker/routes/players.js:20:18)\n    at /Users/m.wojcik/ws-learning/node/orliker/middleware/async.js:4:13\n    at Layer.handle [as handle_request] (/Users/m.wojcik/ws-learning/node/orliker/node_modules/express/lib/router/layer.js:95:5)\n    at next (/Users/m.wojcik/ws-learning/node/orliker/node_modules/express/lib/router/route.js:137:13)\n    at module.exports (/Users/m.wojcik/ws-learning/node/orliker/middleware/auth.js:11:5)\n    at Layer.handle [as handle_request] (/Users/m.wojcik/ws-learning/node/orliker/node_modules/express/lib/router/layer.js:95:5)\n    at next (/Users/m.wojcik/ws-learning/node/orliker/node_modules/express/lib/router/route.js:137:13)\n    at Route.dispatch (/Users/m.wojcik/ws-learning/node/orliker/node_modules/express/lib/router/route.js:112:3)\n    at Layer.handle [as handle_request] (/Users/m.wojcik/ws-learning/node/orliker/node_modules/express/lib/router/layer.js:95:5)\n    at /Users/m.wojcik/ws-learning/node/orliker/node_modules/express/lib/router/index.js:281:22\n    at Function.process_params (/Users/m.wojcik/ws-learning/node/orliker/node_modules/express/lib/router/index.js:335:12)\n    at next (/Users/m.wojcik/ws-learning/node/orliker/node_modules/express/lib/router/index.js:275:10)\n    at Function.handle (/Users/m.wojcik/ws-learning/node/orliker/node_modules/express/lib/router/index.js:174:3)\n    at router (/Users/m.wojcik/ws-learning/node/orliker/node_modules/express/lib/router/index.js:47:12)\n    at Layer.handle [as handle_request] (/Users/m.wojcik/ws-learning/node/orliker/node_modules/express/lib/router/layer.js:95:5)\n    at trim_prefix (/Users/m.wojcik/ws-learning/node/orliker/node_modules/express/lib/router/index.js:317:13)"}
{"level":"error","message":"User is not definedUser is not defined","stack":"ReferenceError: User is not defined\n    at router.post.asyncMiddleware (/Users/m.wojcik/ws-learning/node/orliker/routes/players.js:20:18)\n    at /Users/m.wojcik/ws-learning/node/orliker/middleware/async.js:4:13\n    at Layer.handle [as handle_request] (/Users/m.wojcik/ws-learning/node/orliker/node_modules/express/lib/router/layer.js:95:5)\n    at next (/Users/m.wojcik/ws-learning/node/orliker/node_modules/express/lib/router/route.js:137:13)\n    at module.exports (/Users/m.wojcik/ws-learning/node/orliker/middleware/auth.js:11:5)\n    at Layer.handle [as handle_request] (/Users/m.wojcik/ws-learning/node/orliker/node_modules/express/lib/router/layer.js:95:5)\n    at next (/Users/m.wojcik/ws-learning/node/orliker/node_modules/express/lib/router/route.js:137:13)\n    at Route.dispatch (/Users/m.wojcik/ws-learning/node/orliker/node_modules/express/lib/router/route.js:112:3)\n    at Layer.handle [as handle_request] (/Users/m.wojcik/ws-learning/node/orliker/node_modules/express/lib/router/layer.js:95:5)\n    at /Users/m.wojcik/ws-learning/node/orliker/node_modules/express/lib/router/index.js:281:22\n    at Function.process_params (/Users/m.wojcik/ws-learning/node/orliker/node_modules/express/lib/router/index.js:335:12)\n    at next (/Users/m.wojcik/ws-learning/node/orliker/node_modules/express/lib/router/index.js:275:10)\n    at Function.handle (/Users/m.wojcik/ws-learning/node/orliker/node_modules/express/lib/router/index.js:174:3)\n    at router (/Users/m.wojcik/ws-learning/node/orliker/node_modules/express/lib/router/index.js:47:12)\n    at Layer.handle [as handle_request] (/Users/m.wojcik/ws-learning/node/orliker/node_modules/express/lib/router/layer.js:95:5)\n    at trim_prefix (/Users/m.wojcik/ws-learning/node/orliker/node_modules/express/lib/router/index.js:317:13)"}
{"message":"Listening on port 3000 with env: development","level":"info"}
{"message":"Connected to MongoDB...","level":"info"}
{"message":"Listening on port 3000 with env: development","level":"info"}
{"message":"Connected to MongoDB...","level":"info"}
{"message":"Listening on port 3000 with env: development","level":"info"}
{"message":"Connected to MongoDB...","level":"info"}
{"message":"Listening on port 3000 with env: development","level":"info"}
{"message":"Connected to MongoDB...","level":"info"}
{"message":"Listening on port 3000 with env: development","level":"info"}
{"message":"Connected to MongoDB...","level":"info"}
{"message":"Listening on port 3000 with env: development","level":"info"}
{"message":"Connected to MongoDB...","level":"info"}
{"message":"Listening on port 3000 with env: development","level":"info"}
{"message":"Connected to MongoDB...","level":"info"}
{"message":"Listening on port 3000 with env: development","level":"info"}
{"message":"Connected to MongoDB...","level":"info"}
{"message":"Listening on port 3000 with env: development","level":"info"}
{"message":"Connected to MongoDB...","level":"info"}
{"message":"Listening on port 3000 with env: development","level":"info"}
{"message":"Connected to MongoDB...","level":"info"}
{"message":"Listening on port 3000 with env: development","level":"info"}
{"message":"Connected to MongoDB...","level":"info"}
{"message":"Listening on port 3000 with env: development","level":"info"}
{"message":"Connected to MongoDB...","level":"info"}
{"message":"Listening on port 3000 with env: development","level":"info"}
{"message":"Connected to MongoDB...","level":"info"}
{"message":"Listening on port 3000 with env: development","level":"info"}
{"message":"Connected to MongoDB...","level":"info"}
{"message":"Listening on port 3000 with env: development","level":"info"}
{"message":"Connected to MongoDB...","level":"info"}
{"message":"Listening on port 3000 with env: development","level":"info"}
{"message":"Connected to MongoDB...","level":"info"}
{"message":"Listening on port 3000 with env: development","level":"info"}
{"message":"Connected to MongoDB...","level":"info"}
{"message":"Listening on port 3000 with env: development","level":"info"}
{"message":"Connected to MongoDB...","level":"info"}
{"message":"Listening on port 3000 with env: development","level":"info"}
{"message":"Connected to MongoDB...","level":"info"}
{"message":"Listening on port 3000 with env: development","level":"info"}
{"message":"Connected to MongoDB...","level":"info"}
{"level":"error","message":"Converting circular structure to JSONConverting circular structure to JSON","stack":"TypeError: Converting circular structure to JSON\n    at JSON.stringify (<anonymous>)\n    at stringify (/Users/m.wojcik/ws-learning/node/orliker/node_modules/express/lib/response.js:1123:12)\n    at ServerResponse.json (/Users/m.wojcik/ws-learning/node/orliker/node_modules/express/lib/response.js:260:14)\n    at ServerResponse.send (/Users/m.wojcik/ws-learning/node/orliker/node_modules/express/lib/response.js:158:21)\n    at router.put.asyncMiddleware (/Users/m.wojcik/ws-learning/node/orliker/routes/games.js:68:23)\n    at /Users/m.wojcik/ws-learning/node/orliker/middleware/async.js:4:13\n    at Layer.handle [as handle_request] (/Users/m.wojcik/ws-learning/node/orliker/node_modules/express/lib/router/layer.js:95:5)\n    at next (/Users/m.wojcik/ws-learning/node/orliker/node_modules/express/lib/router/route.js:137:13)\n    at module.exports (/Users/m.wojcik/ws-learning/node/orliker/middleware/auth.js:11:5)\n    at Layer.handle [as handle_request] (/Users/m.wojcik/ws-learning/node/orliker/node_modules/express/lib/router/layer.js:95:5)\n    at next (/Users/m.wojcik/ws-learning/node/orliker/node_modules/express/lib/router/route.js:137:13)\n    at Route.dispatch (/Users/m.wojcik/ws-learning/node/orliker/node_modules/express/lib/router/route.js:112:3)\n    at Layer.handle [as handle_request] (/Users/m.wojcik/ws-learning/node/orliker/node_modules/express/lib/router/layer.js:95:5)\n    at /Users/m.wojcik/ws-learning/node/orliker/node_modules/express/lib/router/index.js:281:22\n    at Function.process_params (/Users/m.wojcik/ws-learning/node/orliker/node_modules/express/lib/router/index.js:335:12)\n    at next (/Users/m.wojcik/ws-learning/node/orliker/node_modules/express/lib/router/index.js:275:10)"}
{"message":"Listening on port 3000 with env: development","level":"info"}
{"message":"Connected to MongoDB...","level":"info"}
{"message":"Listening on port 3000 with env: development","level":"info"}
{"message":"Connected to MongoDB...","level":"info"}
{"message":"Cast to ObjectId failed for value \"5d37451e7e9f9535ab0f627d3\" at path \"_id\" for model \"Game\"Cast to ObjectId failed for value \"5d37451e7e9f9535ab0f627d3\" at path \"_id\" for model \"Game\"","name":"CastError","stringValue":"\"5d37451e7e9f9535ab0f627d3\"","kind":"ObjectId","value":"5d37451e7e9f9535ab0f627d3","path":"_id","level":"error","stack":"CastError: Cast to ObjectId failed for value \"5d37451e7e9f9535ab0f627d3\" at path \"_id\" for model \"Game\"\n    at new CastError (/Users/m.wojcik/ws-learning/node/orliker/node_modules/mongoose/lib/error/cast.js:29:11)\n    at ObjectId.cast (/Users/m.wojcik/ws-learning/node/orliker/node_modules/mongoose/lib/schema/objectid.js:244:11)\n    at ObjectId.SchemaType.applySetters (/Users/m.wojcik/ws-learning/node/orliker/node_modules/mongoose/lib/schematype.js:948:12)\n    at ObjectId.SchemaType._castForQuery (/Users/m.wojcik/ws-learning/node/orliker/node_modules/mongoose/lib/schematype.js:1362:15)\n    at ObjectId.SchemaType.castForQuery (/Users/m.wojcik/ws-learning/node/orliker/node_modules/mongoose/lib/schematype.js:1352:15)\n    at ObjectId.SchemaType.castForQueryWrapper (/Users/m.wojcik/ws-learning/node/orliker/node_modules/mongoose/lib/schematype.js:1331:15)\n    at cast (/Users/m.wojcik/ws-learning/node/orliker/node_modules/mongoose/lib/cast.js:307:32)\n    at model.Query.Query.cast (/Users/m.wojcik/ws-learning/node/orliker/node_modules/mongoose/lib/query.js:4576:12)\n    at castQuery (/Users/m.wojcik/ws-learning/node/orliker/node_modules/mongoose/lib/query.js:4389:18)\n    at model.Query.Query._findAndModify (/Users/m.wojcik/ws-learning/node/orliker/node_modules/mongoose/lib/query.js:3331:23)\n    at model.Query.<anonymous> (/Users/m.wojcik/ws-learning/node/orliker/node_modules/mongoose/lib/query.js:2928:8)\n    at model.Query._wrappedThunk [as _findOneAndUpdate] (/Users/m.wojcik/ws-learning/node/orliker/node_modules/mongoose/lib/helpers/query/wrapThunk.js:16:8)\n    at process.nextTick (/Users/m.wojcik/ws-learning/node/orliker/node_modules/kareem/index.js:369:33)\n    at process._tickCallback (internal/process/next_tick.js:61:11)"}
{"message":"Cast to ObjectId failed for value \"5d36f9473dbb4918a290bbd23\" at path \"_id\" for model \"Player\"Cast to ObjectId failed for value \"5d36f9473dbb4918a290bbd23\" at path \"_id\" for model \"Player\"","name":"CastError","stringValue":"\"5d36f9473dbb4918a290bbd23\"","kind":"ObjectId","value":"5d36f9473dbb4918a290bbd23","path":"_id","level":"error","stack":"CastError: Cast to ObjectId failed for value \"5d36f9473dbb4918a290bbd23\" at path \"_id\" for model \"Player\"\n    at new CastError (/Users/m.wojcik/ws-learning/node/orliker/node_modules/mongoose/lib/error/cast.js:29:11)\n    at ObjectId.cast (/Users/m.wojcik/ws-learning/node/orliker/node_modules/mongoose/lib/schema/objectid.js:244:11)\n    at ObjectId.SchemaType.applySetters (/Users/m.wojcik/ws-learning/node/orliker/node_modules/mongoose/lib/schematype.js:948:12)\n    at ObjectId.SchemaType._castForQuery (/Users/m.wojcik/ws-learning/node/orliker/node_modules/mongoose/lib/schematype.js:1362:15)\n    at ObjectId.SchemaType.castForQuery (/Users/m.wojcik/ws-learning/node/orliker/node_modules/mongoose/lib/schematype.js:1352:15)\n    at ObjectId.SchemaType.castForQueryWrapper (/Users/m.wojcik/ws-learning/node/orliker/node_modules/mongoose/lib/schematype.js:1331:15)\n    at cast (/Users/m.wojcik/ws-learning/node/orliker/node_modules/mongoose/lib/cast.js:307:32)\n    at model.Query.Query.cast (/Users/m.wojcik/ws-learning/node/orliker/node_modules/mongoose/lib/query.js:4576:12)\n    at model.Query.Query._castConditions (/Users/m.wojcik/ws-learning/node/orliker/node_modules/mongoose/lib/query.js:1783:10)\n    at model.Query.<anonymous> (/Users/m.wojcik/ws-learning/node/orliker/node_modules/mongoose/lib/query.js:2038:8)\n    at model.Query._wrappedThunk [as _findOne] (/Users/m.wojcik/ws-learning/node/orliker/node_modules/mongoose/lib/helpers/query/wrapThunk.js:16:8)\n    at process.nextTick (/Users/m.wojcik/ws-learning/node/orliker/node_modules/kareem/index.js:369:33)\n    at process._tickCallback (internal/process/next_tick.js:61:11)"}
{"message":"Listening on port 3000 with env: development","level":"info"}
{"message":"Connected to MongoDB...","level":"info"}
{"message":"Listening on port 3000 with env: development","level":"info"}
{"message":"Connected to MongoDB...","level":"info"}
{"message":"Cast to ObjectId failed for value \"5d36f9473dbb4918a290bbd23\" at path \"_id\" for model \"Player\"Cast to ObjectId failed for value \"5d36f9473dbb4918a290bbd23\" at path \"_id\" for model \"Player\"","name":"CastError","stringValue":"\"5d36f9473dbb4918a290bbd23\"","kind":"ObjectId","value":"5d36f9473dbb4918a290bbd23","path":"_id","level":"error","stack":"CastError: Cast to ObjectId failed for value \"5d36f9473dbb4918a290bbd23\" at path \"_id\" for model \"Player\"\n    at new CastError (/Users/m.wojcik/ws-learning/node/orliker/node_modules/mongoose/lib/error/cast.js:29:11)\n    at ObjectId.cast (/Users/m.wojcik/ws-learning/node/orliker/node_modules/mongoose/lib/schema/objectid.js:244:11)\n    at ObjectId.SchemaType.applySetters (/Users/m.wojcik/ws-learning/node/orliker/node_modules/mongoose/lib/schematype.js:948:12)\n    at ObjectId.SchemaType._castForQuery (/Users/m.wojcik/ws-learning/node/orliker/node_modules/mongoose/lib/schematype.js:1362:15)\n    at ObjectId.SchemaType.castForQuery (/Users/m.wojcik/ws-learning/node/orliker/node_modules/mongoose/lib/schematype.js:1352:15)\n    at ObjectId.SchemaType.castForQueryWrapper (/Users/m.wojcik/ws-learning/node/orliker/node_modules/mongoose/lib/schematype.js:1331:15)\n    at cast (/Users/m.wojcik/ws-learning/node/orliker/node_modules/mongoose/lib/cast.js:307:32)\n    at model.Query.Query.cast (/Users/m.wojcik/ws-learning/node/orliker/node_modules/mongoose/lib/query.js:4576:12)\n    at model.Query.Query._castConditions (/Users/m.wojcik/ws-learning/node/orliker/node_modules/mongoose/lib/query.js:1783:10)\n    at model.Query.<anonymous> (/Users/m.wojcik/ws-learning/node/orliker/node_modules/mongoose/lib/query.js:2038:8)\n    at model.Query._wrappedThunk [as _findOne] (/Users/m.wojcik/ws-learning/node/orliker/node_modules/mongoose/lib/helpers/query/wrapThunk.js:16:8)\n    at process.nextTick (/Users/m.wojcik/ws-learning/node/orliker/node_modules/kareem/index.js:369:33)\n    at process._tickCallback (internal/process/next_tick.js:61:11)"}
{"message":"Listening on port 3000 with env: development","level":"info"}
{"message":"Connected to MongoDB...","level":"info"}
{"message":"Listening on port 3000 with env: development","level":"info"}
{"message":"Connected to MongoDB...","level":"info"}
{"message":"Listening on port 3000 with env: development","level":"info"}
{"message":"Connected to MongoDB...","level":"info"}
{"message":"Listening on port 3000 with env: development","level":"info"}
{"message":"Connected to MongoDB...","level":"info"}
{"message":"Listening on port 3000 with env: development","level":"info"}
{"message":"Connected to MongoDB...","level":"info"}
{"message":"Listening on port 3000 with env: development","level":"info"}
{"message":"Connected to MongoDB...","level":"info"}
{"level":"error","message":"Cannot destructure property `error` of 'undefined' or 'null'.Cannot destructure property `error` of 'undefined' or 'null'.","stack":"TypeError: Cannot destructure property `error` of 'undefined' or 'null'.\n    at router.put.asyncMiddleware (/Users/m.wojcik/ws-learning/node/orliker/routes/games.js:49:25)\n    at /Users/m.wojcik/ws-learning/node/orliker/middleware/async.js:4:13\n    at Layer.handle [as handle_request] (/Users/m.wojcik/ws-learning/node/orliker/node_modules/express/lib/router/layer.js:95:5)\n    at next (/Users/m.wojcik/ws-learning/node/orliker/node_modules/express/lib/router/route.js:137:13)\n    at module.exports (/Users/m.wojcik/ws-learning/node/orliker/middleware/auth.js:11:5)\n    at Layer.handle [as handle_request] (/Users/m.wojcik/ws-learning/node/orliker/node_modules/express/lib/router/layer.js:95:5)\n    at next (/Users/m.wojcik/ws-learning/node/orliker/node_modules/express/lib/router/route.js:137:13)\n    at Route.dispatch (/Users/m.wojcik/ws-learning/node/orliker/node_modules/express/lib/router/route.js:112:3)\n    at Layer.handle [as handle_request] (/Users/m.wojcik/ws-learning/node/orliker/node_modules/express/lib/router/layer.js:95:5)\n    at /Users/m.wojcik/ws-learning/node/orliker/node_modules/express/lib/router/index.js:281:22\n    at Function.process_params (/Users/m.wojcik/ws-learning/node/orliker/node_modules/express/lib/router/index.js:335:12)\n    at next (/Users/m.wojcik/ws-learning/node/orliker/node_modules/express/lib/router/index.js:275:10)\n    at Function.handle (/Users/m.wojcik/ws-learning/node/orliker/node_modules/express/lib/router/index.js:174:3)\n    at router (/Users/m.wojcik/ws-learning/node/orliker/node_modules/express/lib/router/index.js:47:12)\n    at Layer.handle [as handle_request] (/Users/m.wojcik/ws-learning/node/orliker/node_modules/express/lib/router/layer.js:95:5)\n    at trim_prefix (/Users/m.wojcik/ws-learning/node/orliker/node_modules/express/lib/router/index.js:317:13)"}
{"level":"error","message":"Cannot destructure property `error` of 'undefined' or 'null'.Cannot destructure property `error` of 'undefined' or 'null'.","stack":"TypeError: Cannot destructure property `error` of 'undefined' or 'null'.\n    at router.put.asyncMiddleware (/Users/m.wojcik/ws-learning/node/orliker/routes/games.js:49:25)\n    at /Users/m.wojcik/ws-learning/node/orliker/middleware/async.js:4:13\n    at Layer.handle [as handle_request] (/Users/m.wojcik/ws-learning/node/orliker/node_modules/express/lib/router/layer.js:95:5)\n    at next (/Users/m.wojcik/ws-learning/node/orliker/node_modules/express/lib/router/route.js:137:13)\n    at module.exports (/Users/m.wojcik/ws-learning/node/orliker/middleware/auth.js:11:5)\n    at Layer.handle [as handle_request] (/Users/m.wojcik/ws-learning/node/orliker/node_modules/express/lib/router/layer.js:95:5)\n    at next (/Users/m.wojcik/ws-learning/node/orliker/node_modules/express/lib/router/route.js:137:13)\n    at Route.dispatch (/Users/m.wojcik/ws-learning/node/orliker/node_modules/express/lib/router/route.js:112:3)\n    at Layer.handle [as handle_request] (/Users/m.wojcik/ws-learning/node/orliker/node_modules/express/lib/router/layer.js:95:5)\n    at /Users/m.wojcik/ws-learning/node/orliker/node_modules/express/lib/router/index.js:281:22\n    at Function.process_params (/Users/m.wojcik/ws-learning/node/orliker/node_modules/express/lib/router/index.js:335:12)\n    at next (/Users/m.wojcik/ws-learning/node/orliker/node_modules/express/lib/router/index.js:275:10)\n    at Function.handle (/Users/m.wojcik/ws-learning/node/orliker/node_modules/express/lib/router/index.js:174:3)\n    at router (/Users/m.wojcik/ws-learning/node/orliker/node_modules/express/lib/router/index.js:47:12)\n    at Layer.handle [as handle_request] (/Users/m.wojcik/ws-learning/node/orliker/node_modules/express/lib/router/layer.js:95:5)\n    at trim_prefix (/Users/m.wojcik/ws-learning/node/orliker/node_modules/express/lib/router/index.js:317:13)"}
{"message":"Listening on port 3000 with env: development","level":"info"}
{"message":"Connected to MongoDB...","level":"info"}
{"message":"Listening on port 3000 with env: development","level":"info"}
{"message":"Connected to MongoDB...","level":"info"}
{"message":"Listening on port 3000 with env: development","level":"info"}
{"message":"Connected to MongoDB...","level":"info"}
{"message":"Listening on port 3000 with env: development","level":"info"}
{"message":"Connected to MongoDB...","level":"info"}
{"message":"Listening on port 3000 with env: development","level":"info"}
{"message":"Connected to MongoDB...","level":"info"}
{"message":"Listening on port 3000 with env: development","level":"info"}
{"message":"Connected to MongoDB...","level":"info"}
{"message":"Listening on port 3000 with env: development","level":"info"}
{"message":"Connected to MongoDB...","level":"info"}
{"message":"Listening on port 3000 with env: development","level":"info"}
{"message":"Connected to MongoDB...","level":"info"}
{"message":"Listening on port 3000 with env: development","level":"info"}
{"message":"Connected to MongoDB...","level":"info"}
{"message":"Listening on port 3000 with env: development","level":"info"}
{"message":"Connected to MongoDB...","level":"info"}
{"message":"Listening on port 3000 with env: development","level":"info"}
{"message":"Connected to MongoDB...","level":"info"}
{"message":"Listening on port 3000 with env: development","level":"info"}
{"message":"Connected to MongoDB...","level":"info"}
{"message":"Listening on port 3000 with env: development","level":"info"}
{"message":"Connected to MongoDB...","level":"info"}
{"expose":true,"statusCode":400,"status":400,"body":"{\n\t\"playerId\": \"5d36f9473dbb4918a290bbd2\",\t\"gameId\": \"5d37451e7e9f9535ab0f627d\"\n","type":"entity.parse.failed","level":"error","message":"Unexpected end of JSON inputUnexpected end of JSON input","stack":"SyntaxError: Unexpected end of JSON input\n    at JSON.parse (<anonymous>)\n    at parse (/Users/m.wojcik/ws-learning/node/orliker/node_modules/body-parser/lib/types/json.js:89:19)\n    at /Users/m.wojcik/ws-learning/node/orliker/node_modules/body-parser/lib/read.js:121:18\n    at invokeCallback (/Users/m.wojcik/ws-learning/node/orliker/node_modules/raw-body/index.js:224:16)\n    at done (/Users/m.wojcik/ws-learning/node/orliker/node_modules/raw-body/index.js:213:7)\n    at IncomingMessage.onEnd (/Users/m.wojcik/ws-learning/node/orliker/node_modules/raw-body/index.js:273:7)\n    at IncomingMessage.emit (events.js:182:13)\n    at endReadableNT (_stream_readable.js:1094:12)\n    at process._tickCallback (internal/process/next_tick.js:63:19)"}
{"message":"Listening on port 3000 with env: development","level":"info"}
{"message":"Connected to MongoDB...","level":"info"}
{"message":"Listening on port 3000 with env: development","level":"info"}
{"message":"Connected to MongoDB...","level":"info"}
{"level":"error","message":"Powinno byc gitPowinno byc git","stack":"Error: Powinno byc git\n    at Timeout.setTimeout [as _onTimeout] (/Users/m.wojcik/ws-learning/node/orliker/index.js:12:25)\n    at ontimeout (timers.js:436:11)\n    at tryOnTimeout (timers.js:300:5)\n    at listOnTimeout (timers.js:263:5)\n    at Timer.processTimers (timers.js:223:10)"}
{"message":"Listening on port 3000 with env: development","level":"info"}
{"message":"Connected to MongoDB...","level":"info"}
